2025-07-16 13:30:52 INFO  i.n.erp.NawatechErpApplication - Starting NawatechErpApplication using Java 21.0.7 with PID 14104 (C:\Users\SanjayShah\IdeaProjects\nawatech-erp\build\classes\java\main started by SanjayShah in C:\Users\SanjayShah\IdeaProjects\nawatech-erp)
2025-07-16 13:30:52 INFO  i.n.erp.NawatechErpApplication - No active profile set, falling back to 1 default profile: "default"
2025-07-16 13:32:49 INFO  i.n.erp.NawatechErpApplication - Starting NawatechErpApplication using Java 21.0.7 with PID 24264 (C:\Users\SanjayShah\IdeaProjects\nawatech-erp\build\classes\java\main started by SanjayShah in C:\Users\SanjayShah\IdeaProjects\nawatech-erp)
2025-07-16 13:32:49 INFO  i.n.erp.NawatechErpApplication - No active profile set, falling back to 1 default profile: "default"
2025-07-16 13:33:49 INFO  i.n.erp.NawatechErpApplication - Starting NawatechErpApplication using Java 21.0.7 with PID 35280 (C:\Users\SanjayShah\IdeaProjects\nawatech-erp\build\classes\java\main started by SanjayShah in C:\Users\SanjayShah\IdeaProjects\nawatech-erp)
2025-07-16 13:33:49 INFO  i.n.erp.NawatechErpApplication - No active profile set, falling back to 1 default profile: "default"
2025-07-16 13:35:03 INFO  i.n.erp.NawatechErpApplication - Starting NawatechErpApplication using Java 21.0.7 with PID 5624 (C:\Users\SanjayShah\IdeaProjects\nawatech-erp\build\classes\java\main started by SanjayShah in C:\Users\SanjayShah\IdeaProjects\nawatech-erp)
2025-07-16 13:35:03 INFO  i.n.erp.NawatechErpApplication - No active profile set, falling back to 1 default profile: "default"
2025-07-16 13:37:48 INFO  i.n.erp.NawatechErpApplication - Starting NawatechErpApplication using Java 21.0.7 with PID 15296 (C:\Users\SanjayShah\IdeaProjects\nawatech-erp\build\classes\java\main started by SanjayShah in C:\Users\SanjayShah\IdeaProjects\nawatech-erp)
2025-07-16 13:37:48 INFO  i.n.erp.NawatechErpApplication - No active profile set, falling back to 1 default profile: "default"
2025-07-16 13:41:06 INFO  i.n.erp.NawatechErpApplication - Starting NawatechErpApplication using Java 21.0.7 with PID 26680 (C:\Users\SanjayShah\IdeaProjects\nawatech-erp\build\classes\java\main started by SanjayShah in C:\Users\SanjayShah\IdeaProjects\nawatech-erp)
2025-07-16 13:41:06 INFO  i.n.erp.NawatechErpApplication - No active profile set, falling back to 1 default profile: "default"
2025-07-16 13:47:04 INFO  i.n.erp.NawatechErpApplication - Starting NawatechErpApplication using Java 21.0.7 with PID 14580 (C:\Users\SanjayShah\IdeaProjects\nawatech-erp\build\classes\java\main started by SanjayShah in C:\Users\SanjayShah\IdeaProjects\nawatech-erp)
2025-07-16 13:47:04 INFO  i.n.erp.NawatechErpApplication - No active profile set, falling back to 1 default profile: "default"
2025-07-16 13:49:58 INFO  i.n.erp.NawatechErpApplication - Starting NawatechErpApplication using Java 21.0.7 with PID 37052 (C:\Users\SanjayShah\IdeaProjects\nawatech-erp\build\classes\java\main started by SanjayShah in C:\Users\SanjayShah\IdeaProjects\nawatech-erp)
2025-07-16 13:49:58 INFO  i.n.erp.NawatechErpApplication - No active profile set, falling back to 1 default profile: "default"
2025-07-16 13:51:56 INFO  i.n.erp.NawatechErpApplication - Starting NawatechErpApplication using Java 21.0.7 with PID 444 (C:\Users\SanjayShah\IdeaProjects\nawatech-erp\build\classes\java\main started by SanjayShah in C:\Users\SanjayShah\IdeaProjects\nawatech-erp)
2025-07-16 13:51:56 INFO  i.n.erp.NawatechErpApplication - No active profile set, falling back to 1 default profile: "default"
2025-07-16 13:56:20 INFO  i.n.erp.NawatechErpApplication - Starting NawatechErpApplication using Java 21.0.7 with PID 40752 (C:\Users\SanjayShah\IdeaProjects\nawatech-erp\build\classes\java\main started by SanjayShah in C:\Users\SanjayShah\IdeaProjects\nawatech-erp)
2025-07-16 13:56:20 INFO  i.n.erp.NawatechErpApplication - No active profile set, falling back to 1 default profile: "default"
2025-07-16 13:59:35 INFO  i.n.erp.NawatechErpApplication - Starting NawatechErpApplication using Java 21.0.7 with PID 44168 (C:\Users\SanjayShah\IdeaProjects\nawatech-erp\build\classes\java\main started by SanjayShah in C:\Users\SanjayShah\IdeaProjects\nawatech-erp)
2025-07-16 13:59:35 INFO  i.n.erp.NawatechErpApplication - No active profile set, falling back to 1 default profile: "default"
2025-07-16 14:02:14 INFO  i.n.erp.NawatechErpApplication - Starting NawatechErpApplication using Java 21.0.7 with PID 8960 (C:\Users\SanjayShah\IdeaProjects\nawatech-erp\build\classes\java\main started by SanjayShah in C:\Users\SanjayShah\IdeaProjects\nawatech-erp)
2025-07-16 14:02:14 INFO  i.n.erp.NawatechErpApplication - No active profile set, falling back to 1 default profile: "default"
2025-07-16 14:03:36 INFO  i.n.erp.NawatechErpApplication - Starting NawatechErpApplication using Java 21.0.7 with PID 14084 (C:\Users\SanjayShah\IdeaProjects\nawatech-erp\build\classes\java\main started by SanjayShah in C:\Users\SanjayShah\IdeaProjects\nawatech-erp)
2025-07-16 14:03:36 INFO  i.n.erp.NawatechErpApplication - No active profile set, falling back to 1 default profile: "default"
2025-07-16 14:07:44 INFO  i.n.erp.NawatechErpApplication - Starting NawatechErpApplication using Java 21.0.7 with PID 30028 (C:\Users\SanjayShah\IdeaProjects\nawatech-erp\build\classes\java\main started by SanjayShah in C:\Users\SanjayShah\IdeaProjects\nawatech-erp)
2025-07-16 14:07:44 INFO  i.n.erp.NawatechErpApplication - No active profile set, falling back to 1 default profile: "default"
2025-07-16 14:07:51 INFO  i.n.erp.security.SecurityConfig - SecurityFilterChain
2025-07-16 14:07:52 INFO  i.n.erp.NawatechErpApplication - Started NawatechErpApplication in 8.891 seconds (process running for 9.847)
2025-07-16 14:34:31 INFO  i.n.erp.NawatechErpApplication - Starting NawatechErpApplication using Java 21.0.7 with PID 30028 (C:\Users\SanjayShah\IdeaProjects\nawatech-erp\build\classes\java\main started by SanjayShah in C:\Users\SanjayShah\IdeaProjects\nawatech-erp)
2025-07-16 14:34:31 INFO  i.n.erp.NawatechErpApplication - No active profile set, falling back to 1 default profile: "default"
2025-07-16 14:34:34 INFO  i.n.erp.security.SecurityConfig - SecurityFilterChain
2025-07-16 14:34:35 INFO  i.n.erp.NawatechErpApplication - Started NawatechErpApplication in 4.236 seconds (process running for 1612.343)
2025-07-16 14:35:31 INFO  i.n.erp.NawatechErpApplication - Starting NawatechErpApplication using Java 21.0.7 with PID 30028 (C:\Users\SanjayShah\IdeaProjects\nawatech-erp\build\classes\java\main started by SanjayShah in C:\Users\SanjayShah\IdeaProjects\nawatech-erp)
2025-07-16 14:35:31 INFO  i.n.erp.NawatechErpApplication - No active profile set, falling back to 1 default profile: "default"
2025-07-16 14:35:33 INFO  i.n.erp.security.SecurityConfig - SecurityFilterChain
2025-07-16 14:35:34 INFO  i.n.erp.NawatechErpApplication - Started NawatechErpApplication in 2.482 seconds (process running for 1671.545)
2025-07-16 14:38:13 INFO  i.n.erp.NawatechErpApplication - Starting NawatechErpApplication using Java 21.0.7 with PID 30028 (C:\Users\SanjayShah\IdeaProjects\nawatech-erp\build\classes\java\main started by SanjayShah in C:\Users\SanjayShah\IdeaProjects\nawatech-erp)
2025-07-16 14:38:13 INFO  i.n.erp.NawatechErpApplication - No active profile set, falling back to 1 default profile: "default"
2025-07-16 14:38:14 INFO  i.n.erp.security.SecurityConfig - SecurityFilterChain
2025-07-16 14:38:15 INFO  i.n.erp.NawatechErpApplication - Started NawatechErpApplication in 2.258 seconds (process running for 1832.523)
2025-07-16 14:38:17 INFO  i.n.erp.NawatechErpApplication - Starting NawatechErpApplication using Java 21.0.7 with PID 30028 (C:\Users\SanjayShah\IdeaProjects\nawatech-erp\build\classes\java\main started by SanjayShah in C:\Users\SanjayShah\IdeaProjects\nawatech-erp)
2025-07-16 14:38:17 INFO  i.n.erp.NawatechErpApplication - No active profile set, falling back to 1 default profile: "default"
2025-07-16 14:38:19 INFO  i.n.erp.security.SecurityConfig - SecurityFilterChain
2025-07-16 14:38:20 INFO  i.n.erp.NawatechErpApplication - Started NawatechErpApplication in 2.653 seconds (process running for 1837.352)
2025-07-16 14:40:11 INFO  i.n.erp.NawatechErpApplication - Starting NawatechErpApplication using Java 21.0.7 with PID 30028 (C:\Users\SanjayShah\IdeaProjects\nawatech-erp\build\classes\java\main started by SanjayShah in C:\Users\SanjayShah\IdeaProjects\nawatech-erp)
2025-07-16 14:40:11 INFO  i.n.erp.NawatechErpApplication - No active profile set, falling back to 1 default profile: "default"
2025-07-16 14:40:12 INFO  i.n.erp.security.SecurityConfig - SecurityFilterChain
2025-07-16 14:40:13 INFO  i.n.erp.NawatechErpApplication - Started NawatechErpApplication in 2.375 seconds (process running for 1950.544)
2025-07-16 14:45:26 INFO  i.n.erp.NawatechErpApplication - Starting NawatechErpApplication using Java 21.0.7 with PID 30896 (C:\Users\SanjayShah\IdeaProjects\nawatech-erp\build\classes\java\main started by SanjayShah in C:\Users\SanjayShah\IdeaProjects\nawatech-erp)
2025-07-16 14:45:26 INFO  i.n.erp.NawatechErpApplication - No active profile set, falling back to 1 default profile: "default"
2025-07-16 14:45:35 INFO  i.n.erp.security.SecurityConfig - SecurityFilterChain
2025-07-16 14:45:37 INFO  i.n.erp.NawatechErpApplication - Started NawatechErpApplication in 11.981 seconds (process running for 13.178)
2025-07-16 14:47:27 INFO  i.n.erp.NawatechErpApplication - Starting NawatechErpApplication using Java 21.0.7 with PID 30896 (C:\Users\SanjayShah\IdeaProjects\nawatech-erp\build\classes\java\main started by SanjayShah in C:\Users\SanjayShah\IdeaProjects\nawatech-erp)
2025-07-16 14:47:27 INFO  i.n.erp.NawatechErpApplication - No active profile set, falling back to 1 default profile: "default"
2025-07-16 14:47:30 INFO  i.n.erp.security.SecurityConfig - SecurityFilterChain
2025-07-16 14:47:31 INFO  i.n.erp.NawatechErpApplication - Started NawatechErpApplication in 3.893 seconds (process running for 127.17)
2025-07-16 14:47:33 INFO  i.n.erp.NawatechErpApplication - Starting NawatechErpApplication using Java 21.0.7 with PID 30896 (C:\Users\SanjayShah\IdeaProjects\nawatech-erp\build\classes\java\main started by SanjayShah in C:\Users\SanjayShah\IdeaProjects\nawatech-erp)
2025-07-16 14:47:33 INFO  i.n.erp.NawatechErpApplication - No active profile set, falling back to 1 default profile: "default"
2025-07-16 14:47:36 INFO  i.n.erp.security.SecurityConfig - SecurityFilterChain
2025-07-16 14:47:37 INFO  i.n.erp.NawatechErpApplication - Started NawatechErpApplication in 3.508 seconds (process running for 133.019)
2025-07-16 14:48:11 INFO  i.n.erp.NawatechErpApplication - Starting NawatechErpApplication using Java 21.0.7 with PID 40140 (C:\Users\SanjayShah\IdeaProjects\nawatech-erp\build\classes\java\main started by SanjayShah in C:\Users\SanjayShah\IdeaProjects\nawatech-erp)
2025-07-16 14:48:11 INFO  i.n.erp.NawatechErpApplication - No active profile set, falling back to 1 default profile: "default"
2025-07-16 14:48:21 INFO  i.n.erp.security.SecurityConfig - SecurityFilterChain
2025-07-16 14:48:23 INFO  i.n.erp.NawatechErpApplication - Started NawatechErpApplication in 13.152 seconds (process running for 14.352)
2025-07-16 14:56:06 INFO  i.n.erp.NawatechErpApplication - Starting NawatechErpApplication using Java 21.0.7 with PID 40140 (C:\Users\SanjayShah\IdeaProjects\nawatech-erp\build\classes\java\main started by SanjayShah in C:\Users\SanjayShah\IdeaProjects\nawatech-erp)
2025-07-16 14:56:06 INFO  i.n.erp.NawatechErpApplication - No active profile set, falling back to 1 default profile: "default"
2025-07-16 14:56:08 INFO  i.n.erp.security.SecurityConfig - SecurityFilterChain
2025-07-16 14:56:09 INFO  i.n.erp.NawatechErpApplication - Started NawatechErpApplication in 2.858 seconds (process running for 480.22)
2025-07-16 15:41:39 INFO  i.n.erp.NawatechErpApplication - Starting NawatechErpApplication using Java 21.0.6 with PID 53642 (/Users/sanjayshah/IdeaProjects/nawatech-erp/build/classes/java/main started by sanjayshah in /Users/sanjayshah/IdeaProjects/nawatech-erp)
2025-07-16 15:41:39 INFO  i.n.erp.NawatechErpApplication - No active profile set, falling back to 1 default profile: "default"
2025-07-16 15:44:10 INFO  i.n.erp.NawatechErpApplication - Starting NawatechErpApplication using Java 21.0.6 with PID 53802 (/Users/sanjayshah/IdeaProjects/nawatech-erp/build/classes/java/main started by sanjayshah in /Users/sanjayshah/IdeaProjects/nawatech-erp)
2025-07-16 15:44:10 INFO  i.n.erp.NawatechErpApplication - No active profile set, falling back to 1 default profile: "default"
2025-07-16 15:49:13 INFO  i.n.erp.NawatechErpApplication - Starting NawatechErpApplication using Java 21.0.6 with PID 53958 (/Users/sanjayshah/IdeaProjects/nawatech-erp/build/classes/java/main started by sanjayshah in /Users/sanjayshah/IdeaProjects/nawatech-erp)
2025-07-16 15:49:13 INFO  i.n.erp.NawatechErpApplication - No active profile set, falling back to 1 default profile: "default"
2025-07-16 16:00:20 INFO  i.n.erp.NawatechErpApplication - Starting NawatechErpApplication using Java 21.0.6 with PID 54353 (/Users/sanjayshah/IdeaProjects/nawatech-erp/build/classes/java/main started by sanjayshah in /Users/sanjayshah/IdeaProjects/nawatech-erp)
2025-07-16 16:00:20 INFO  i.n.erp.NawatechErpApplication - No active profile set, falling back to 1 default profile: "default"
2025-07-16 16:00:27 INFO  i.n.erp.security.SecurityConfig - SecurityFilterChain
2025-07-16 16:00:28 INFO  i.n.erp.NawatechErpApplication - Started NawatechErpApplication in 8.596 seconds (process running for 9.326)
2025-07-16 16:02:04 INFO  i.n.erp.NawatechErpApplication - Starting NawatechErpApplication using Java 21.0.6 with PID 54411 (/Users/sanjayshah/IdeaProjects/nawatech-erp/build/classes/java/main started by sanjayshah in /Users/sanjayshah/IdeaProjects/nawatech-erp)
2025-07-16 16:02:04 INFO  i.n.erp.NawatechErpApplication - No active profile set, falling back to 1 default profile: "default"
2025-07-16 16:02:12 INFO  i.n.erp.security.SecurityConfig - SecurityFilterChain
2025-07-16 16:02:14 INFO  i.n.erp.NawatechErpApplication - Started NawatechErpApplication in 9.817 seconds (process running for 10.468)
2025-07-16 16:07:44 INFO  i.n.erp.NawatechErpApplication - Starting NawatechErpApplication using Java 21.0.6 with PID 54411 (/Users/sanjayshah/IdeaProjects/nawatech-erp/build/classes/java/main started by sanjayshah in /Users/sanjayshah/IdeaProjects/nawatech-erp)
2025-07-16 16:07:44 INFO  i.n.erp.NawatechErpApplication - No active profile set, falling back to 1 default profile: "default"
2025-07-16 16:07:45 INFO  i.n.erp.security.SecurityConfig - SecurityFilterChain
2025-07-16 16:07:46 INFO  i.n.erp.NawatechErpApplication - Started NawatechErpApplication in 1.92 seconds (process running for 342.222)
2025-07-16 16:08:56 INFO  i.n.erp.NawatechErpApplication - Starting NawatechErpApplication using Java 21.0.6 with PID 54768 (/Users/sanjayshah/IdeaProjects/nawatech-erp/build/classes/java/main started by sanjayshah in /Users/sanjayshah/IdeaProjects/nawatech-erp)
2025-07-16 16:08:56 INFO  i.n.erp.NawatechErpApplication - No active profile set, falling back to 1 default profile: "default"
2025-07-16 16:09:04 INFO  i.n.erp.security.SecurityConfig - SecurityFilterChain
2025-07-16 16:09:05 INFO  i.n.erp.NawatechErpApplication - Started NawatechErpApplication in 8.68 seconds (process running for 9.355)
2025-07-16 16:22:07 INFO  i.n.erp.NawatechErpApplication - Starting NawatechErpApplication using Java 21.0.6 with PID 55398 (/Users/sanjayshah/IdeaProjects/nawatech-erp/build/classes/java/main started by sanjayshah in /Users/sanjayshah/IdeaProjects/nawatech-erp)
2025-07-16 16:22:07 INFO  i.n.erp.NawatechErpApplication - No active profile set, falling back to 1 default profile: "default"
2025-07-16 16:23:08 INFO  i.n.erp.NawatechErpApplication - Starting NawatechErpApplication using Java 21.0.6 with PID 55448 (/Users/sanjayshah/IdeaProjects/nawatech-erp/build/classes/java/main started by sanjayshah in /Users/sanjayshah/IdeaProjects/nawatech-erp)
2025-07-16 16:23:08 INFO  i.n.erp.NawatechErpApplication - No active profile set, falling back to 1 default profile: "default"
2025-07-16 16:23:15 INFO  i.n.erp.security.SecurityConfig - SecurityFilterChain
2025-07-16 16:23:17 INFO  i.n.erp.NawatechErpApplication - Started NawatechErpApplication in 8.648 seconds (process running for 9.264)
2025-07-16 16:30:21 INFO  i.n.erp.NawatechErpApplication - Starting NawatechErpApplication using Java 21.0.6 with PID 55756 (/Users/sanjayshah/IdeaProjects/nawatech-erp/build/classes/java/main started by sanjayshah in /Users/sanjayshah/IdeaProjects/nawatech-erp)
2025-07-16 16:30:21 INFO  i.n.erp.NawatechErpApplication - No active profile set, falling back to 1 default profile: "default"
2025-07-16 16:30:28 INFO  i.n.erp.security.SecurityConfig - SecurityFilterChain
2025-07-16 16:30:29 INFO  i.n.erp.NawatechErpApplication - Started NawatechErpApplication in 9.149 seconds (process running for 9.833)
2025-07-16 17:53:24 INFO  i.n.erp.NawatechErpApplication - Starting NawatechErpApplication using Java 21.0.6 with PID 55756 (/Users/sanjayshah/IdeaProjects/nawatech-erp/build/classes/java/main started by sanjayshah in /Users/sanjayshah/IdeaProjects/nawatech-erp)
2025-07-16 17:53:24 INFO  i.n.erp.NawatechErpApplication - No active profile set, falling back to 1 default profile: "default"
2025-07-16 17:53:26 INFO  i.n.erp.security.SecurityConfig - SecurityFilterChain
2025-07-16 17:53:26 INFO  i.n.erp.NawatechErpApplication - Started NawatechErpApplication in 2.414 seconds (process running for 1575.919)
2025-07-16 17:54:49 INFO  i.n.erp.NawatechErpApplication - Starting NawatechErpApplication using Java 21.0.6 with PID 55756 (/Users/sanjayshah/IdeaProjects/nawatech-erp/build/classes/java/main started by sanjayshah in /Users/sanjayshah/IdeaProjects/nawatech-erp)
2025-07-16 17:54:49 INFO  i.n.erp.NawatechErpApplication - No active profile set, falling back to 1 default profile: "default"
2025-07-16 17:54:51 INFO  i.n.erp.security.SecurityConfig - SecurityFilterChain
2025-07-16 17:54:51 INFO  i.n.erp.NawatechErpApplication - Started NawatechErpApplication in 1.967 seconds (process running for 1660.691)
2025-07-16 17:55:23 INFO  i.n.erp.NawatechErpApplication - Starting NawatechErpApplication using Java 21.0.6 with PID 56866 (/Users/sanjayshah/IdeaProjects/nawatech-erp/build/classes/java/main started by sanjayshah in /Users/sanjayshah/IdeaProjects/nawatech-erp)
2025-07-16 17:55:23 INFO  i.n.erp.NawatechErpApplication - No active profile set, falling back to 1 default profile: "default"
2025-07-16 17:55:31 INFO  i.n.erp.security.SecurityConfig - SecurityFilterChain
2025-07-16 17:55:33 INFO  i.n.erp.NawatechErpApplication - Started NawatechErpApplication in 10.397 seconds (process running for 11.009)
2025-07-16 18:43:45 INFO  i.n.erp.NawatechErpApplication - Starting NawatechErpApplication using Java 21.0.6 with PID 56866 (/Users/sanjayshah/IdeaProjects/nawatech-erp/build/classes/java/main started by sanjayshah in /Users/sanjayshah/IdeaProjects/nawatech-erp)
2025-07-16 18:43:45 INFO  i.n.erp.NawatechErpApplication - No active profile set, falling back to 1 default profile: "default"
2025-07-16 18:43:47 INFO  i.n.erp.security.SecurityConfig - SecurityFilterChain
2025-07-16 18:43:48 INFO  i.n.erp.NawatechErpApplication - Started NawatechErpApplication in 2.442 seconds (process running for 2906.115)
2025-07-16 18:44:38 INFO  i.n.erp.NawatechErpApplication - Starting NawatechErpApplication using Java 21.0.6 with PID 56866 (/Users/sanjayshah/IdeaProjects/nawatech-erp/build/classes/java/main started by sanjayshah in /Users/sanjayshah/IdeaProjects/nawatech-erp)
2025-07-16 18:44:38 INFO  i.n.erp.NawatechErpApplication - No active profile set, falling back to 1 default profile: "default"
2025-07-16 18:44:39 INFO  i.n.erp.security.SecurityConfig - SecurityFilterChain
2025-07-16 18:44:40 INFO  i.n.erp.NawatechErpApplication - Started NawatechErpApplication in 2.161 seconds (process running for 2957.88)
2025-07-16 18:47:45 INFO  i.n.erp.NawatechErpApplication - Starting NawatechErpApplication using Java 21.0.6 with PID 58734 (/Users/sanjayshah/IdeaProjects/nawatech-erp/build/classes/java/main started by sanjayshah in /Users/sanjayshah/IdeaProjects/nawatech-erp)
2025-07-16 18:47:45 INFO  i.n.erp.NawatechErpApplication - No active profile set, falling back to 1 default profile: "default"
2025-07-16 18:47:52 INFO  i.n.erp.security.SecurityConfig - SecurityFilterChain
2025-07-16 18:47:54 INFO  i.n.erp.NawatechErpApplication - Started NawatechErpApplication in 9.528 seconds (process running for 10.138)
2025-07-16 18:51:18 INFO  i.n.erp.NawatechErpApplication - Starting NawatechErpApplication using Java 21.0.6 with PID 58734 (/Users/sanjayshah/IdeaProjects/nawatech-erp/build/classes/java/main started by sanjayshah in /Users/sanjayshah/IdeaProjects/nawatech-erp)
2025-07-16 18:51:18 INFO  i.n.erp.NawatechErpApplication - No active profile set, falling back to 1 default profile: "default"
2025-07-16 18:51:20 INFO  i.n.erp.security.SecurityConfig - SecurityFilterChain
2025-07-16 18:51:20 INFO  i.n.erp.NawatechErpApplication - Started NawatechErpApplication in 2.111 seconds (process running for 216.467)
2025-07-16 18:51:37 INFO  i.n.erp.NawatechErpApplication - Starting NawatechErpApplication using Java 21.0.6 with PID 58734 (/Users/sanjayshah/IdeaProjects/nawatech-erp/build/classes/java/main started by sanjayshah in /Users/sanjayshah/IdeaProjects/nawatech-erp)
2025-07-16 18:51:37 INFO  i.n.erp.NawatechErpApplication - No active profile set, falling back to 1 default profile: "default"
2025-07-16 18:51:39 INFO  i.n.erp.security.SecurityConfig - SecurityFilterChain
2025-07-16 18:51:39 INFO  i.n.erp.NawatechErpApplication - Started NawatechErpApplication in 1.963 seconds (process running for 235.44)
2025-07-16 18:52:41 INFO  i.n.erp.NawatechErpApplication - Starting NawatechErpApplication using Java 21.0.6 with PID 58734 (/Users/sanjayshah/IdeaProjects/nawatech-erp/build/classes/java/main started by sanjayshah in /Users/sanjayshah/IdeaProjects/nawatech-erp)
2025-07-16 18:52:41 INFO  i.n.erp.NawatechErpApplication - No active profile set, falling back to 1 default profile: "default"
2025-07-16 18:52:42 INFO  i.n.erp.security.SecurityConfig - SecurityFilterChain
2025-07-16 18:52:43 INFO  i.n.erp.NawatechErpApplication - Started NawatechErpApplication in 1.908 seconds (process running for 299.291)
2025-07-16 19:01:43 INFO  i.n.erp.NawatechErpApplication - Starting NawatechErpApplication using Java 21.0.6 with PID 59390 (/Users/sanjayshah/IdeaProjects/nawatech-erp/build/classes/java/main started by sanjayshah in /Users/sanjayshah/IdeaProjects/nawatech-erp)
2025-07-16 19:01:43 INFO  i.n.erp.NawatechErpApplication - No active profile set, falling back to 1 default profile: "default"
2025-07-16 19:01:52 INFO  i.n.erp.security.SecurityConfig - SecurityFilterChain
2025-07-16 19:01:53 INFO  i.n.erp.NawatechErpApplication - Started NawatechErpApplication in 10.937 seconds (process running for 11.648)
2025-07-16 19:12:50 INFO  i.n.erp.NawatechErpApplication - Starting NawatechErpApplication using Java 21.0.6 with PID 59390 (/Users/sanjayshah/IdeaProjects/nawatech-erp/build/classes/java/main started by sanjayshah in /Users/sanjayshah/IdeaProjects/nawatech-erp)
2025-07-16 19:12:50 INFO  i.n.erp.NawatechErpApplication - No active profile set, falling back to 1 default profile: "default"
2025-07-16 19:12:52 INFO  i.n.erp.security.SecurityConfig - SecurityFilterChain
2025-07-16 19:12:52 INFO  i.n.erp.NawatechErpApplication - Started NawatechErpApplication in 2.432 seconds (process running for 670.793)
2025-07-16 19:12:59 INFO  i.n.erp.NawatechErpApplication - Starting NawatechErpApplication using Java 21.0.6 with PID 59390 (/Users/sanjayshah/IdeaProjects/nawatech-erp/build/classes/java/main started by sanjayshah in /Users/sanjayshah/IdeaProjects/nawatech-erp)
2025-07-16 19:12:59 INFO  i.n.erp.NawatechErpApplication - No active profile set, falling back to 1 default profile: "default"
2025-07-16 19:13:01 INFO  i.n.erp.security.SecurityConfig - SecurityFilterChain
2025-07-16 19:13:01 INFO  i.n.erp.NawatechErpApplication - Started NawatechErpApplication in 2.048 seconds (process running for 679.443)
2025-07-16 19:14:07 INFO  i.n.erp.NawatechErpApplication - Starting NawatechErpApplication using Java 21.0.6 with PID 59390 (/Users/sanjayshah/IdeaProjects/nawatech-erp/build/classes/java/main started by sanjayshah in /Users/sanjayshah/IdeaProjects/nawatech-erp)
2025-07-16 19:14:07 INFO  i.n.erp.NawatechErpApplication - No active profile set, falling back to 1 default profile: "default"
2025-07-16 19:14:08 INFO  i.n.erp.security.SecurityConfig - SecurityFilterChain
2025-07-16 19:14:09 INFO  i.n.erp.NawatechErpApplication - Started NawatechErpApplication in 2.215 seconds (process running for 747.448)
2025-07-16 19:16:52 INFO  i.n.erp.NawatechErpApplication - Starting NawatechErpApplication using Java 21.0.6 with PID 59390 (/Users/sanjayshah/IdeaProjects/nawatech-erp/build/classes/java/main started by sanjayshah in /Users/sanjayshah/IdeaProjects/nawatech-erp)
2025-07-16 19:16:52 INFO  i.n.erp.NawatechErpApplication - No active profile set, falling back to 1 default profile: "default"
2025-07-16 19:16:54 INFO  i.n.erp.security.SecurityConfig - SecurityFilterChain
2025-07-16 19:16:54 INFO  i.n.erp.NawatechErpApplication - Started NawatechErpApplication in 2.026 seconds (process running for 912.621)
2025-07-16 19:17:08 INFO  i.n.erp.NawatechErpApplication - Starting NawatechErpApplication using Java 21.0.6 with PID 59390 (/Users/sanjayshah/IdeaProjects/nawatech-erp/build/classes/java/main started by sanjayshah in /Users/sanjayshah/IdeaProjects/nawatech-erp)
2025-07-16 19:17:08 INFO  i.n.erp.NawatechErpApplication - No active profile set, falling back to 1 default profile: "default"
2025-07-16 19:17:10 INFO  i.n.erp.security.SecurityConfig - SecurityFilterChain
2025-07-16 19:17:10 INFO  i.n.erp.NawatechErpApplication - Started NawatechErpApplication in 2.095 seconds (process running for 928.644)
2025-07-16 19:18:46 INFO  i.n.erp.NawatechErpApplication - Starting NawatechErpApplication using Java 21.0.6 with PID 59390 (/Users/sanjayshah/IdeaProjects/nawatech-erp/build/classes/java/main started by sanjayshah in /Users/sanjayshah/IdeaProjects/nawatech-erp)
2025-07-16 19:18:46 INFO  i.n.erp.NawatechErpApplication - No active profile set, falling back to 1 default profile: "default"
2025-07-16 19:18:48 INFO  i.n.erp.security.SecurityConfig - SecurityFilterChain
2025-07-16 19:20:02 INFO  i.n.erp.NawatechErpApplication - Starting NawatechErpApplication using Java 21.0.6 with PID 59390 (/Users/sanjayshah/IdeaProjects/nawatech-erp/build/classes/java/main started by sanjayshah in /Users/sanjayshah/IdeaProjects/nawatech-erp)
2025-07-16 19:20:02 INFO  i.n.erp.NawatechErpApplication - No active profile set, falling back to 1 default profile: "default"
2025-07-16 19:20:04 INFO  i.n.erp.security.SecurityConfig - SecurityFilterChain
2025-07-16 19:31:11 INFO  i.n.erp.NawatechErpApplication - Starting NawatechErpApplication using Java 21.0.6 with PID 59390 (/Users/sanjayshah/IdeaProjects/nawatech-erp/build/classes/java/main started by sanjayshah in /Users/sanjayshah/IdeaProjects/nawatech-erp)
2025-07-16 19:31:11 INFO  i.n.erp.NawatechErpApplication - No active profile set, falling back to 1 default profile: "default"
2025-07-16 19:31:12 INFO  i.n.erp.security.SecurityConfig - SecurityFilterChain
2025-07-16 20:01:38 INFO  i.n.erp.NawatechErpApplication - Starting NawatechErpApplication using Java 21.0.6 with PID 59390 (/Users/sanjayshah/IdeaProjects/nawatech-erp/build/classes/java/main started by sanjayshah in /Users/sanjayshah/IdeaProjects/nawatech-erp)
2025-07-16 20:01:38 INFO  i.n.erp.NawatechErpApplication - No active profile set, falling back to 1 default profile: "default"
2025-07-16 20:51:43 INFO  i.n.erp.NawatechErpApplication - Starting NawatechErpApplication using Java 21.0.6 with PID 64139 (/Users/sanjayshah/IdeaProjects/nawatech-erp/build/classes/java/main started by sanjayshah in /Users/sanjayshah/IdeaProjects/nawatech-erp)
2025-07-16 20:51:43 INFO  i.n.erp.NawatechErpApplication - No active profile set, falling back to 1 default profile: "default"
2025-07-16 21:11:30 INFO  i.n.erp.NawatechErpApplication - Starting NawatechErpApplication using Java 21.0.6 with PID 64979 (/Users/sanjayshah/IdeaProjects/nawatech-erp/build/classes/java/main started by sanjayshah in /Users/sanjayshah/IdeaProjects/nawatech-erp)
2025-07-16 21:11:30 INFO  i.n.erp.NawatechErpApplication - No active profile set, falling back to 1 default profile: "default"
2025-07-16 21:34:38 INFO  i.n.erp.NawatechErpApplication - Starting NawatechErpApplication using Java 21.0.6 with PID 65898 (/Users/sanjayshah/IdeaProjects/nawatech-erp/build/classes/java/main started by sanjayshah in /Users/sanjayshah/IdeaProjects/nawatech-erp)
2025-07-16 21:34:38 INFO  i.n.erp.NawatechErpApplication - No active profile set, falling back to 1 default profile: "default"
2025-07-16 21:57:16 INFO  i.n.erp.NawatechErpApplication - Starting NawatechErpApplication using Java 21.0.6 with PID 66651 (/Users/sanjayshah/IdeaProjects/nawatech-erp/build/classes/java/main started by sanjayshah in /Users/sanjayshah/IdeaProjects/nawatech-erp)
2025-07-16 21:57:16 INFO  i.n.erp.NawatechErpApplication - No active profile set, falling back to 1 default profile: "default"
2025-07-16 21:59:27 INFO  i.n.erp.NawatechErpApplication - Starting NawatechErpApplication using Java 21.0.6 with PID 66736 (/Users/sanjayshah/IdeaProjects/nawatech-erp/build/classes/java/main started by sanjayshah in /Users/sanjayshah/IdeaProjects/nawatech-erp)
2025-07-16 21:59:27 INFO  i.n.erp.NawatechErpApplication - No active profile set, falling back to 1 default profile: "default"
2025-07-16 22:02:20 INFO  i.n.erp.NawatechErpApplication - Starting NawatechErpApplication using Java 21.0.6 with PID 66917 (/Users/sanjayshah/IdeaProjects/nawatech-erp/build/classes/java/main started by sanjayshah in /Users/sanjayshah/IdeaProjects/nawatech-erp)
2025-07-16 22:02:20 INFO  i.n.erp.NawatechErpApplication - No active profile set, falling back to 1 default profile: "default"
2025-07-16 22:05:14 INFO  i.n.erp.NawatechErpApplication - Starting NawatechErpApplication using Java 21.0.6 with PID 67009 (/Users/sanjayshah/IdeaProjects/nawatech-erp/build/classes/java/main started by sanjayshah in /Users/sanjayshah/IdeaProjects/nawatech-erp)
2025-07-16 22:05:14 INFO  i.n.erp.NawatechErpApplication - No active profile set, falling back to 1 default profile: "default"
2025-07-16 22:09:38 INFO  i.n.erp.NawatechErpApplication - Starting NawatechErpApplication using Java 21.0.6 with PID 67245 (/Users/sanjayshah/IdeaProjects/nawatech-erp/build/classes/java/main started by sanjayshah in /Users/sanjayshah/IdeaProjects/nawatech-erp)
2025-07-16 22:09:38 INFO  i.n.erp.NawatechErpApplication - No active profile set, falling back to 1 default profile: "default"
2025-07-16 22:09:45 WARN  i.n.e.m.MultiTenantDataSourceConfig - ⚠️  No tenants found — using masterDataSource as default target.
2025-07-16 22:09:46 INFO  i.n.erp.security.SecurityConfig - SecurityFilterChain
2025-07-16 22:10:12 INFO  i.n.erp.NawatechErpApplication - Starting NawatechErpApplication using Java 21.0.6 with PID 67277 (/Users/sanjayshah/IdeaProjects/nawatech-erp/build/classes/java/main started by sanjayshah in /Users/sanjayshah/IdeaProjects/nawatech-erp)
2025-07-16 22:10:12 INFO  i.n.erp.NawatechErpApplication - No active profile set, falling back to 1 default profile: "default"
2025-07-16 22:10:19 WARN  i.n.e.m.MultiTenantDataSourceConfig - ⚠️  No tenants found — using masterDataSource as default target.
2025-07-16 22:10:20 INFO  i.n.erp.security.SecurityConfig - SecurityFilterChain
2025-07-16 22:10:25 INFO  i.n.erp.NawatechErpApplication - Started NawatechErpApplication in 13.789 seconds (process running for 14.49)
2025-07-16 22:13:58 INFO  i.n.erp.NawatechErpApplication - Starting NawatechErpApplication using Java 21.0.6 with PID 67392 (/Users/sanjayshah/IdeaProjects/nawatech-erp/build/classes/java/main started by sanjayshah in /Users/sanjayshah/IdeaProjects/nawatech-erp)
2025-07-16 22:13:58 INFO  i.n.erp.NawatechErpApplication - No active profile set, falling back to 1 default profile: "default"
2025-07-16 22:14:05 WARN  i.n.e.m.MultiTenantDataSourceConfig - ⚠️  No tenants found — using masterDataSource as default target.
2025-07-16 22:14:05 INFO  i.n.erp.security.SecurityConfig - SecurityFilterChain
2025-07-16 22:14:10 INFO  i.n.erp.NawatechErpApplication - Started NawatechErpApplication in 12.482 seconds (process running for 13.135)
2025-07-16 22:16:23 INFO  i.n.erp.NawatechErpApplication - Starting NawatechErpApplication using Java 21.0.6 with PID 67392 (/Users/sanjayshah/IdeaProjects/nawatech-erp/build/classes/java/main started by sanjayshah in /Users/sanjayshah/IdeaProjects/nawatech-erp)
2025-07-16 22:16:23 INFO  i.n.erp.NawatechErpApplication - No active profile set, falling back to 1 default profile: "default"
2025-07-16 22:16:25 WARN  i.n.e.m.MultiTenantDataSourceConfig - ⚠️  No tenants found — using masterDataSource as default target.
2025-07-16 22:16:25 INFO  i.n.erp.security.SecurityConfig - SecurityFilterChain
2025-07-16 22:16:25 INFO  i.n.erp.NawatechErpApplication - Started NawatechErpApplication in 1.915 seconds (process running for 148.306)
2025-07-16 22:21:18 INFO  i.n.erp.NawatechErpApplication - Starting NawatechErpApplication using Java 21.0.6 with PID 67392 (/Users/sanjayshah/IdeaProjects/nawatech-erp/build/classes/java/main started by sanjayshah in /Users/sanjayshah/IdeaProjects/nawatech-erp)
2025-07-16 22:21:18 INFO  i.n.erp.NawatechErpApplication - No active profile set, falling back to 1 default profile: "default"
2025-07-16 22:21:19 WARN  i.n.e.m.MultiTenantDataSourceConfig - ⚠️  No tenants found — using masterDataSource as default target.
2025-07-16 22:21:19 INFO  i.n.erp.security.SecurityConfig - SecurityFilterChain
2025-07-16 22:21:20 INFO  i.n.erp.NawatechErpApplication - Started NawatechErpApplication in 1.862 seconds (process running for 442.804)
2025-07-16 22:21:43 INFO  i.n.erp.NawatechErpApplication - Starting NawatechErpApplication using Java 21.0.6 with PID 67392 (/Users/sanjayshah/IdeaProjects/nawatech-erp/build/classes/java/main started by sanjayshah in /Users/sanjayshah/IdeaProjects/nawatech-erp)
2025-07-16 22:21:43 INFO  i.n.erp.NawatechErpApplication - No active profile set, falling back to 1 default profile: "default"
2025-07-16 22:21:44 WARN  i.n.e.m.MultiTenantDataSourceConfig - ⚠️  No tenants found — using masterDataSource as default target.
2025-07-16 22:21:44 INFO  i.n.erp.security.SecurityConfig - SecurityFilterChain
2025-07-16 22:21:45 INFO  i.n.erp.NawatechErpApplication - Started NawatechErpApplication in 1.738 seconds (process running for 467.84)
2025-07-16 22:22:04 INFO  i.n.erp.NawatechErpApplication - Starting NawatechErpApplication using Java 21.0.6 with PID 67392 (/Users/sanjayshah/IdeaProjects/nawatech-erp/build/classes/java/main started by sanjayshah in /Users/sanjayshah/IdeaProjects/nawatech-erp)
2025-07-16 22:22:04 INFO  i.n.erp.NawatechErpApplication - No active profile set, falling back to 1 default profile: "default"
2025-07-16 22:22:05 WARN  i.n.e.m.MultiTenantDataSourceConfig - ⚠️  No tenants found — using masterDataSource as default target.
2025-07-16 22:22:05 INFO  i.n.erp.security.SecurityConfig - SecurityFilterChain
2025-07-16 22:22:06 INFO  i.n.erp.NawatechErpApplication - Started NawatechErpApplication in 1.758 seconds (process running for 488.776)
2025-07-16 22:22:38 INFO  i.n.erp.NawatechErpApplication - Starting NawatechErpApplication using Java 21.0.6 with PID 67392 (/Users/sanjayshah/IdeaProjects/nawatech-erp/build/classes/java/main started by sanjayshah in /Users/sanjayshah/IdeaProjects/nawatech-erp)
2025-07-16 22:22:38 INFO  i.n.erp.NawatechErpApplication - No active profile set, falling back to 1 default profile: "default"
2025-07-16 22:22:40 WARN  i.n.e.m.MultiTenantDataSourceConfig - ⚠️  No tenants found — using masterDataSource as default target.
2025-07-16 22:22:40 INFO  i.n.erp.security.SecurityConfig - SecurityFilterChain
2025-07-16 22:22:40 INFO  i.n.erp.NawatechErpApplication - Started NawatechErpApplication in 1.756 seconds (process running for 523.19)
2025-07-16 22:22:52 INFO  i.n.erp.NawatechErpApplication - Starting NawatechErpApplication using Java 21.0.6 with PID 67392 (/Users/sanjayshah/IdeaProjects/nawatech-erp/build/classes/java/main started by sanjayshah in /Users/sanjayshah/IdeaProjects/nawatech-erp)
2025-07-16 22:22:52 INFO  i.n.erp.NawatechErpApplication - No active profile set, falling back to 1 default profile: "default"
2025-07-16 22:22:53 WARN  i.n.e.m.MultiTenantDataSourceConfig - ⚠️  No tenants found — using masterDataSource as default target.
2025-07-16 22:22:54 INFO  i.n.erp.security.SecurityConfig - SecurityFilterChain
2025-07-16 22:22:54 INFO  i.n.erp.NawatechErpApplication - Started NawatechErpApplication in 1.772 seconds (process running for 537.184)
2025-07-16 22:31:21 INFO  i.n.erp.NawatechErpApplication - Starting NawatechErpApplication using Java 21.0.6 with PID 68091 (/Users/sanjayshah/IdeaProjects/nawatech-erp/build/classes/java/main started by sanjayshah in /Users/sanjayshah/IdeaProjects/nawatech-erp)
2025-07-16 22:31:21 INFO  i.n.erp.NawatechErpApplication - No active profile set, falling back to 1 default profile: "default"
2025-07-16 22:35:51 INFO  i.n.erp.NawatechErpApplication - Starting NawatechErpApplication using Java 21.0.6 with PID 68307 (/Users/sanjayshah/IdeaProjects/nawatech-erp/build/classes/java/main started by sanjayshah in /Users/sanjayshah/IdeaProjects/nawatech-erp)
2025-07-16 22:35:51 INFO  i.n.erp.NawatechErpApplication - No active profile set, falling back to 1 default profile: "default"
2025-07-16 22:37:21 INFO  i.n.erp.NawatechErpApplication - Starting NawatechErpApplication using Java 21.0.6 with PID 68398 (/Users/sanjayshah/IdeaProjects/nawatech-erp/build/classes/java/main started by sanjayshah in /Users/sanjayshah/IdeaProjects/nawatech-erp)
2025-07-16 22:37:21 INFO  i.n.erp.NawatechErpApplication - No active profile set, falling back to 1 default profile: "default"
2025-07-16 22:43:54 INFO  i.n.erp.NawatechErpApplication - Starting NawatechErpApplication using Java 21.0.6 with PID 68611 (/Users/sanjayshah/IdeaProjects/nawatech-erp/build/classes/java/main started by sanjayshah in /Users/sanjayshah/IdeaProjects/nawatech-erp)
2025-07-16 22:43:54 INFO  i.n.erp.NawatechErpApplication - No active profile set, falling back to 1 default profile: "default"
2025-07-16 22:48:06 INFO  i.n.erp.NawatechErpApplication - Starting NawatechErpApplication using Java 21.0.6 with PID 68774 (/Users/sanjayshah/IdeaProjects/nawatech-erp/build/classes/java/main started by sanjayshah in /Users/sanjayshah/IdeaProjects/nawatech-erp)
2025-07-16 22:48:06 INFO  i.n.erp.NawatechErpApplication - No active profile set, falling back to 1 default profile: "default"
2025-07-16 22:50:17 INFO  i.n.erp.NawatechErpApplication - Starting NawatechErpApplication using Java 21.0.6 with PID 68936 (/Users/sanjayshah/IdeaProjects/nawatech-erp/build/classes/java/main started by sanjayshah in /Users/sanjayshah/IdeaProjects/nawatech-erp)
2025-07-16 22:50:17 INFO  i.n.erp.NawatechErpApplication - No active profile set, falling back to 1 default profile: "default"
2025-07-16 22:51:21 INFO  i.n.erp.NawatechErpApplication - Starting NawatechErpApplication using Java 21.0.6 with PID 69066 (/Users/sanjayshah/IdeaProjects/nawatech-erp/build/classes/java/main started by sanjayshah in /Users/sanjayshah/IdeaProjects/nawatech-erp)
2025-07-16 22:51:21 INFO  i.n.erp.NawatechErpApplication - No active profile set, falling back to 1 default profile: "default"
2025-07-16 22:54:00 INFO  i.n.erp.NawatechErpApplication - Starting NawatechErpApplication using Java 21.0.6 with PID 69262 (/Users/sanjayshah/IdeaProjects/nawatech-erp/build/classes/java/main started by sanjayshah in /Users/sanjayshah/IdeaProjects/nawatech-erp)
2025-07-16 22:54:00 INFO  i.n.erp.NawatechErpApplication - No active profile set, falling back to 1 default profile: "default"
2025-07-16 22:54:04 INFO  i.n.erp.security.SecurityConfig - SecurityFilterChain
2025-07-16 22:54:05 INFO  i.n.erp.NawatechErpApplication - Started NawatechErpApplication in 5.897 seconds (process running for 6.671)
2025-07-16 22:58:48 INFO  i.n.erp.NawatechErpApplication - Starting NawatechErpApplication using Java 21.0.6 with PID 69424 (/Users/sanjayshah/IdeaProjects/nawatech-erp/build/classes/java/main started by sanjayshah in /Users/sanjayshah/IdeaProjects/nawatech-erp)
2025-07-16 22:58:48 INFO  i.n.erp.NawatechErpApplication - No active profile set, falling back to 1 default profile: "default"
2025-07-16 22:58:52 INFO  i.n.erp.security.SecurityConfig - SecurityFilterChain
2025-07-16 22:58:53 INFO  i.n.erp.NawatechErpApplication - Started NawatechErpApplication in 5.792 seconds (process running for 6.401)
2025-07-16 23:00:37 INFO  i.n.erp.NawatechErpApplication - Starting NawatechErpApplication using Java 21.0.6 with PID 69488 (/Users/sanjayshah/IdeaProjects/nawatech-erp/build/classes/java/main started by sanjayshah in /Users/sanjayshah/IdeaProjects/nawatech-erp)
2025-07-16 23:00:37 INFO  i.n.erp.NawatechErpApplication - No active profile set, falling back to 1 default profile: "default"
2025-07-16 23:00:42 WARN  i.n.e.m.MultiTenantDataSourceConfig - ⚠️  No tenants found — using masterDataSource as default target.
2025-07-16 23:00:42 INFO  i.n.erp.security.SecurityConfig - SecurityFilterChain
2025-07-16 23:00:43 INFO  i.n.erp.NawatechErpApplication - Started NawatechErpApplication in 6.218 seconds (process running for 6.826)
2025-07-16 23:04:27 INFO  i.n.erp.NawatechErpApplication - Starting NawatechErpApplication using Java 21.0.6 with PID 69629 (/Users/sanjayshah/IdeaProjects/nawatech-erp/build/classes/java/main started by sanjayshah in /Users/sanjayshah/IdeaProjects/nawatech-erp)
2025-07-16 23:04:27 INFO  i.n.erp.NawatechErpApplication - No active profile set, falling back to 1 default profile: "default"
2025-07-16 23:05:33 INFO  i.n.erp.NawatechErpApplication - Starting NawatechErpApplication using Java 21.0.6 with PID 69724 (/Users/sanjayshah/IdeaProjects/nawatech-erp/build/classes/java/main started by sanjayshah in /Users/sanjayshah/IdeaProjects/nawatech-erp)
2025-07-16 23:05:33 INFO  i.n.erp.NawatechErpApplication - No active profile set, falling back to 1 default profile: "default"
2025-07-16 23:07:05 INFO  i.n.erp.NawatechErpApplication - Starting NawatechErpApplication using Java 21.0.6 with PID 69820 (/Users/sanjayshah/IdeaProjects/nawatech-erp/build/classes/java/main started by sanjayshah in /Users/sanjayshah/IdeaProjects/nawatech-erp)
2025-07-16 23:07:05 INFO  i.n.erp.NawatechErpApplication - No active profile set, falling back to 1 default profile: "default"
2025-07-16 23:07:11 WARN  i.n.e.m.MultiTenantDataSourceConfig - ⚠️  No tenants found — using masterDataSource as default target.
2025-07-16 23:07:11 INFO  i.n.erp.security.SecurityConfig - SecurityFilterChain
2025-07-16 23:07:12 INFO  i.n.erp.NawatechErpApplication - Started NawatechErpApplication in 6.459 seconds (process running for 7.137)
2025-07-16 23:09:01 INFO  i.n.erp.NawatechErpApplication - Starting NawatechErpApplication using Java 21.0.6 with PID 69982 (/Users/sanjayshah/IdeaProjects/nawatech-erp/build/classes/java/main started by sanjayshah in /Users/sanjayshah/IdeaProjects/nawatech-erp)
2025-07-16 23:09:01 INFO  i.n.erp.NawatechErpApplication - No active profile set, falling back to 1 default profile: "default"
2025-07-16 23:10:01 INFO  i.n.erp.NawatechErpApplication - Starting NawatechErpApplication using Java 21.0.6 with PID 70031 (/Users/sanjayshah/IdeaProjects/nawatech-erp/build/classes/java/main started by sanjayshah in /Users/sanjayshah/IdeaProjects/nawatech-erp)
2025-07-16 23:10:01 INFO  i.n.erp.NawatechErpApplication - No active profile set, falling back to 1 default profile: "default"
2025-07-16 23:10:06 WARN  i.n.e.m.MultiTenantDataSourceConfig - ⚠️  No tenants found — using masterDataSource as default target.
2025-07-16 23:10:06 INFO  i.n.erp.security.SecurityConfig - SecurityFilterChain
2025-07-16 23:10:07 INFO  i.n.erp.NawatechErpApplication - Started NawatechErpApplication in 6.474 seconds (process running for 7.139)
2025-07-16 23:11:23 INFO  i.n.e.s.p.PermissionServiceImpl - User 'messanjayshah31@gmail.com' permissions = [dashboard:read, product:read]
2025-07-16 23:11:27 INFO  i.n.e.s.p.PermissionServiceImpl - User 'messanjayshah31@gmail.com' permissions = [dashboard:read, product:read]
2025-07-16 23:11:27 WARN  i.n.e.s.p.PermissionServiceImpl - Access denied. 'messanjayshah31@gmail.com' missing permission 'product:create'
2025-07-16 23:11:57 INFO  i.n.e.s.p.PermissionServiceImpl - User 'messanjayshah31@gmail.com' permissions = [product:update, user:write, dashboard:read, product:delete, product:create, product:read]
2025-07-16 23:12:07 INFO  i.n.e.s.p.PermissionServiceImpl - User 'messanjayshah31@gmail.com' permissions = [product:update, dashboard:read, user:write, product:delete, product:create, product:read]
2025-07-16 23:16:14 INFO  i.n.erp.NawatechErpApplication - Starting NawatechErpApplication using Java 21.0.6 with PID 70031 (/Users/sanjayshah/IdeaProjects/nawatech-erp/build/classes/java/main started by sanjayshah in /Users/sanjayshah/IdeaProjects/nawatech-erp)
2025-07-16 23:16:14 INFO  i.n.erp.NawatechErpApplication - No active profile set, falling back to 1 default profile: "default"
2025-07-16 23:16:15 INFO  i.n.erp.security.SecurityConfig - SecurityFilterChain
2025-07-16 23:16:16 INFO  i.n.erp.NawatechErpApplication - Started NawatechErpApplication in 2.078 seconds (process running for 375.945)
2025-07-16 23:18:48 INFO  i.n.erp.NawatechErpApplication - Starting NawatechErpApplication using Java 21.0.6 with PID 70031 (/Users/sanjayshah/IdeaProjects/nawatech-erp/build/classes/java/main started by sanjayshah in /Users/sanjayshah/IdeaProjects/nawatech-erp)
2025-07-16 23:18:48 INFO  i.n.erp.NawatechErpApplication - No active profile set, falling back to 1 default profile: "default"
2025-07-16 23:19:27 INFO  i.n.erp.NawatechErpApplication - Starting NawatechErpApplication using Java 21.0.6 with PID 70031 (/Users/sanjayshah/IdeaProjects/nawatech-erp/build/classes/java/main started by sanjayshah in /Users/sanjayshah/IdeaProjects/nawatech-erp)
2025-07-16 23:19:27 INFO  i.n.erp.NawatechErpApplication - No active profile set, falling back to 1 default profile: "default"
2025-07-16 23:22:57 INFO  i.n.erp.NawatechErpApplication - Starting NawatechErpApplication using Java 21.0.6 with PID 70609 (/Users/sanjayshah/IdeaProjects/nawatech-erp/build/classes/java/main started by sanjayshah in /Users/sanjayshah/IdeaProjects/nawatech-erp)
2025-07-16 23:22:57 INFO  i.n.erp.NawatechErpApplication - No active profile set, falling back to 1 default profile: "default"
2025-07-16 23:35:37 INFO  i.n.erp.NawatechErpApplication - Starting NawatechErpApplication using Java 21.0.6 with PID 71067 (/Users/sanjayshah/IdeaProjects/nawatech-erp/build/classes/java/main started by sanjayshah in /Users/sanjayshah/IdeaProjects/nawatech-erp)
2025-07-16 23:35:37 INFO  i.n.erp.NawatechErpApplication - No active profile set, falling back to 1 default profile: "default"
