2025-07-17 00:02:28 INFO  i.n.erp.NawatechErpApplication - Starting NawatechErpApplication using Java 21.0.6 with PID 72496 (/Users/sanjayshah/IdeaProjects/nawatech-erp/build/classes/java/main started by sanjayshah in /Users/sanjayshah/IdeaProjects/nawatech-erp)
2025-07-17 00:02:28 INFO  i.n.erp.NawatechErpApplication - No active profile set, falling back to 1 default profile: "default"
2025-07-17 00:05:17 INFO  i.n.erp.NawatechErpApplication - Starting NawatechErpApplication using Java 21.0.6 with PID 72617 (/Users/sanjayshah/IdeaProjects/nawatech-erp/build/classes/java/main started by sanjayshah in /Users/sanjayshah/IdeaProjects/nawatech-erp)
2025-07-17 00:05:17 INFO  i.n.erp.NawatechErpApplication - No active profile set, falling back to 1 default profile: "default"
2025-07-17 00:05:21 INFO  i.n.erp.security.SecurityConfig - SecurityFilterChain
2025-07-17 00:05:22 INFO  i.n.erp.NawatechErpApplication - Started NawatechErpApplication in 5.78 seconds (process running for 6.499)
2025-07-17 00:13:29 INFO  i.n.erp.NawatechErpApplication - Starting NawatechErpApplication using Java 21.0.6 with PID 73236 (/Users/sanjayshah/IdeaProjects/nawatech-erp/build/classes/java/main started by sanjayshah in /Users/sanjayshah/IdeaProjects/nawatech-erp)
2025-07-17 00:13:29 INFO  i.n.erp.NawatechErpApplication - No active profile set, falling back to 1 default profile: "default"
2025-07-17 00:13:33 INFO  i.n.erp.security.SecurityConfig - SecurityFilterChain
2025-07-17 00:13:34 INFO  i.n.erp.NawatechErpApplication - Started NawatechErpApplication in 5.883 seconds (process running for 6.579)
2025-07-17 05:41:41 INFO  i.n.erp.NawatechErpApplication - Starting NawatechErpApplication using Java 21.0.6 with PID 74851 (/Users/sanjayshah/IdeaProjects/nawatech-erp/build/classes/java/main started by sanjayshah in /Users/sanjayshah/IdeaProjects/nawatech-erp)
2025-07-17 05:41:41 INFO  i.n.erp.NawatechErpApplication - No active profile set, falling back to 1 default profile: "default"
2025-07-17 05:42:45 INFO  i.n.erp.NawatechErpApplication - Starting NawatechErpApplication using Java 21.0.6 with PID 74911 (/Users/sanjayshah/IdeaProjects/nawatech-erp/build/classes/java/main started by sanjayshah in /Users/sanjayshah/IdeaProjects/nawatech-erp)
2025-07-17 05:42:45 INFO  i.n.erp.NawatechErpApplication - No active profile set, falling back to 1 default profile: "default"
2025-07-17 05:45:28 INFO  i.n.erp.NawatechErpApplication - Starting NawatechErpApplication using Java 21.0.6 with PID 75102 (/Users/sanjayshah/IdeaProjects/nawatech-erp/build/classes/java/main started by sanjayshah in /Users/sanjayshah/IdeaProjects/nawatech-erp)
2025-07-17 05:45:28 INFO  i.n.erp.NawatechErpApplication - No active profile set, falling back to 1 default profile: "default"
2025-07-17 05:52:44 INFO  i.n.erp.NawatechErpApplication - Starting NawatechErpApplication using Java 21.0.6 with PID 75408 (/Users/sanjayshah/IdeaProjects/nawatech-erp/build/classes/java/main started by sanjayshah in /Users/sanjayshah/IdeaProjects/nawatech-erp)
2025-07-17 05:52:44 INFO  i.n.erp.NawatechErpApplication - No active profile set, falling back to 1 default profile: "default"
2025-07-17 05:52:49 INFO  i.n.erp.security.SecurityConfig - SecurityFilterChain
2025-07-17 05:52:50 INFO  i.n.erp.NawatechErpApplication - Started NawatechErpApplication in 6.089 seconds (process running for 6.874)
2025-07-17 05:54:30 INFO  i.n.erp.NawatechErpApplication - Starting NawatechErpApplication using Java 21.0.6 with PID 75493 (/Users/sanjayshah/IdeaProjects/nawatech-erp/build/classes/java/main started by sanjayshah in /Users/sanjayshah/IdeaProjects/nawatech-erp)
2025-07-17 05:54:30 INFO  i.n.erp.NawatechErpApplication - No active profile set, falling back to 1 default profile: "default"
2025-07-17 05:54:35 WARN  i.n.e.m.c.MultiTenantDataSourceConfig - ⚠️  No tenants found — using masterDataSource as default target.
2025-07-17 05:54:35 INFO  i.n.erp.security.SecurityConfig - SecurityFilterChain
2025-07-17 05:54:36 INFO  i.n.erp.NawatechErpApplication - Started NawatechErpApplication in 5.818 seconds (process running for 6.464)
2025-07-17 09:36:22 INFO  i.n.erp.NawatechErpApplication - Starting NawatechErpApplication using Java 21.0.6 with PID 76290 (/Users/sanjayshah/IdeaProjects/nawatech-erp/build/classes/java/main started by sanjayshah in /Users/sanjayshah/IdeaProjects/nawatech-erp)
2025-07-17 09:36:22 INFO  i.n.erp.NawatechErpApplication - No active profile set, falling back to 1 default profile: "default"
2025-07-17 09:36:27 WARN  i.n.e.m.c.MultiTenantDataSourceConfig - ⚠️  No tenants found — using masterDataSource as default target.
2025-07-17 09:36:27 INFO  i.n.erp.security.SecurityConfig - SecurityFilterChain
2025-07-17 09:36:28 INFO  i.n.erp.NawatechErpApplication - Started NawatechErpApplication in 5.792 seconds (process running for 6.572)
2025-07-17 09:38:15 INFO  i.n.erp.NawatechErpApplication - Starting NawatechErpApplication using Java 21.0.6 with PID 76417 (/Users/sanjayshah/IdeaProjects/nawatech-erp/build/classes/java/main started by sanjayshah in /Users/sanjayshah/IdeaProjects/nawatech-erp)
2025-07-17 09:38:15 INFO  i.n.erp.NawatechErpApplication - No active profile set, falling back to 1 default profile: "default"
2025-07-17 09:38:20 WARN  i.n.e.m.c.MultiTenantDataSourceConfig - ⚠️  No tenants found — using masterDataSource as default target.
2025-07-17 09:38:20 INFO  i.n.erp.security.SecurityConfig - SecurityFilterChain
2025-07-17 09:38:21 INFO  i.n.erp.NawatechErpApplication - Started NawatechErpApplication in 6.575 seconds (process running for 7.312)
2025-07-17 09:42:27 INFO  i.n.erp.NawatechErpApplication - Starting NawatechErpApplication using Java 21.0.6 with PID 76695 (/Users/sanjayshah/IdeaProjects/nawatech-erp/build/classes/java/main started by sanjayshah in /Users/sanjayshah/IdeaProjects/nawatech-erp)
2025-07-17 09:42:27 INFO  i.n.erp.NawatechErpApplication - No active profile set, falling back to 1 default profile: "default"
2025-07-17 09:42:31 WARN  i.n.e.m.c.MultiTenantDataSourceConfig - ⚠️  No tenants found — using masterDataSource as default target.
2025-07-17 09:42:32 INFO  i.n.erp.security.SecurityConfig - SecurityFilterChain
2025-07-17 09:42:33 INFO  i.n.erp.NawatechErpApplication - Started NawatechErpApplication in 5.944 seconds (process running for 6.74)
2025-07-17 09:45:36 INFO  i.n.erp.NawatechErpApplication - Starting NawatechErpApplication using Java 21.0.6 with PID 76811 (/Users/sanjayshah/IdeaProjects/nawatech-erp/build/classes/java/main started by sanjayshah in /Users/sanjayshah/IdeaProjects/nawatech-erp)
2025-07-17 09:45:36 INFO  i.n.erp.NawatechErpApplication - No active profile set, falling back to 1 default profile: "default"
2025-07-17 09:45:40 WARN  i.n.e.m.c.MultiTenantDataSourceConfig - ⚠️  No tenants found — using masterDataSource as default target.
2025-07-17 09:45:40 INFO  i.n.erp.security.SecurityConfig - SecurityFilterChain
2025-07-17 09:45:41 INFO  i.n.erp.NawatechErpApplication - Started NawatechErpApplication in 5.899 seconds (process running for 6.536)
2025-07-17 09:49:20 INFO  i.n.erp.NawatechErpApplication - Starting NawatechErpApplication using Java 21.0.6 with PID 76940 (/Users/sanjayshah/IdeaProjects/nawatech-erp/build/classes/java/main started by sanjayshah in /Users/sanjayshah/IdeaProjects/nawatech-erp)
2025-07-17 09:49:20 INFO  i.n.erp.NawatechErpApplication - No active profile set, falling back to 1 default profile: "default"
2025-07-17 09:49:25 WARN  i.n.e.m.c.MultiTenantDataSourceConfig - ⚠️  No tenants found — using masterDataSource as default target.
2025-07-17 09:49:25 INFO  i.n.erp.security.SecurityConfig - SecurityFilterChain
2025-07-17 09:49:26 INFO  i.n.erp.NawatechErpApplication - Started NawatechErpApplication in 5.977 seconds (process running for 6.674)
2025-07-17 10:35:35 INFO  i.n.erp.NawatechErpApplication - Starting NawatechErpApplication using Java 21.0.6 with PID 78539 (/Users/sanjayshah/IdeaProjects/nawatech-erp/build/classes/java/main started by sanjayshah in /Users/sanjayshah/IdeaProjects/nawatech-erp)
2025-07-17 10:35:35 INFO  i.n.erp.NawatechErpApplication - No active profile set, falling back to 1 default profile: "default"
2025-07-17 10:35:40 WARN  i.n.e.m.c.MultiTenantDataSourceConfig - ⚠️  No tenants found — using masterDataSource as default target.
2025-07-17 10:35:40 INFO  i.n.erp.security.SecurityConfig - SecurityFilterChain
2025-07-17 10:35:41 INFO  i.n.erp.NawatechErpApplication - Started NawatechErpApplication in 5.861 seconds (process running for 6.601)
2025-07-17 10:36:15 INFO  i.n.erp.NawatechErpApplication - Starting NawatechErpApplication using Java 21.0.6 with PID 78583 (/Users/sanjayshah/IdeaProjects/nawatech-erp/build/classes/java/main started by sanjayshah in /Users/sanjayshah/IdeaProjects/nawatech-erp)
2025-07-17 10:36:15 INFO  i.n.erp.NawatechErpApplication - No active profile set, falling back to 1 default profile: "default"
2025-07-17 10:36:20 WARN  i.n.e.m.c.MultiTenantDataSourceConfig - ⚠️  No tenants found — using masterDataSource as default target.
2025-07-17 10:36:20 INFO  i.n.erp.security.SecurityConfig - SecurityFilterChain
2025-07-17 10:36:21 INFO  i.n.erp.NawatechErpApplication - Started NawatechErpApplication in 5.739 seconds (process running for 6.388)
2025-07-17 10:37:48 INFO  i.n.erp.NawatechErpApplication - Starting NawatechErpApplication using Java 21.0.6 with PID 78744 (/Users/sanjayshah/IdeaProjects/nawatech-erp/build/classes/java/main started by sanjayshah in /Users/sanjayshah/IdeaProjects/nawatech-erp)
2025-07-17 10:37:48 INFO  i.n.erp.NawatechErpApplication - No active profile set, falling back to 1 default profile: "default"
2025-07-17 10:38:29 INFO  i.n.erp.NawatechErpApplication - Starting NawatechErpApplication using Java 21.0.6 with PID 78786 (/Users/sanjayshah/IdeaProjects/nawatech-erp/build/classes/java/main started by sanjayshah in /Users/sanjayshah/IdeaProjects/nawatech-erp)
2025-07-17 10:38:29 INFO  i.n.erp.NawatechErpApplication - No active profile set, falling back to 1 default profile: "default"
2025-07-17 10:39:45 INFO  i.n.erp.NawatechErpApplication - Starting NawatechErpApplication using Java 21.0.6 with PID 78868 (/Users/sanjayshah/IdeaProjects/nawatech-erp/build/classes/java/main started by sanjayshah in /Users/sanjayshah/IdeaProjects/nawatech-erp)
2025-07-17 10:39:45 INFO  i.n.erp.NawatechErpApplication - No active profile set, falling back to 1 default profile: "default"
